<?xml version="1.0" encoding="UTF-8"?>
<coverage generated="1569815264113" clover="3.2.0">
  <project timestamp="1569815264113" name="All files">
    <metrics statements="25" coveredstatements="25" conditionals="20" coveredconditionals="18" methods="9" coveredmethods="9" elements="54" coveredelements="52" complexity="0" loc="25" ncloc="25" packages="3" files="3" classes="3"/>
    <package name="src">
      <metrics statements="0" coveredstatements="0" conditionals="0" coveredconditionals="0" methods="0" coveredmethods="0"/>
      <file name="index.js" path="/Users/wangpeng/project/_kingsoft/_util/src/index.js">
        <metrics statements="0" coveredstatements="0" conditionals="0" coveredconditionals="0" methods="0" coveredmethods="0"/>
      </file>
    </package>
    <package name="src.number">
      <metrics statements="5" coveredstatements="5" conditionals="10" coveredconditionals="10" methods="1" coveredmethods="1"/>
      <file name="index.js" path="/Users/wangpeng/project/_kingsoft/_util/src/number/index.js">
        <metrics statements="5" coveredstatements="5" conditionals="10" coveredconditionals="10" methods="1" coveredmethods="1"/>
        <line num="9" count="5" type="cond" truecount="2" falsecount="0"/>
        <line num="11" count="4" type="cond" truecount="2" falsecount="0"/>
        <line num="14" count="4" type="cond" truecount="2" falsecount="0"/>
        <line num="15" count="1" type="stmt"/>
        <line num="17" count="3" type="stmt"/>
      </file>
    </package>
    <package name="src.time">
      <metrics statements="20" coveredstatements="20" conditionals="10" coveredconditionals="8" methods="8" coveredmethods="8"/>
      <file name="index.js" path="/Users/wangpeng/project/_kingsoft/_util/src/time/index.js">
        <metrics statements="20" coveredstatements="20" conditionals="10" coveredconditionals="8" methods="8" coveredmethods="8"/>
        <line num="2" count="20" type="stmt"/>
        <line num="4" count="20" type="stmt"/>
        <line num="5" count="20" type="stmt"/>
        <line num="15" count="1" type="stmt"/>
        <line num="16" count="1" type="stmt"/>
        <line num="17" count="1" type="stmt"/>
        <line num="27" count="2" type="stmt"/>
        <line num="28" count="2" type="stmt"/>
        <line num="37" count="2" type="cond" truecount="1" falsecount="1"/>
        <line num="38" count="2" type="stmt"/>
        <line num="43" count="2" type="stmt"/>
        <line num="44" count="14" type="cond" truecount="2" falsecount="0"/>
        <line num="45" count="10" type="stmt"/>
        <line num="53" count="2" type="stmt"/>
        <line num="57" count="20" type="stmt"/>
        <line num="58" count="20" type="cond" truecount="3" falsecount="0"/>
        <line num="62" count="1" type="stmt"/>
        <line num="71" count="4" type="stmt"/>
        <line num="74" count="1" type="stmt"/>
        <line num="82" count="1" type="stmt"/>
      </file>
    </package>
  </project>
</coverage>
