{"/Users/wangpeng/project/_kingsoft/_util/src/index.js": {"path":"/Users/wangpeng/project/_kingsoft/_util/src/index.js","statementMap":{},"fnMap":{},"branchMap":{},"s":{},"f":{},"b":{},"_coverageSchema":"43e27e138ebf9cfc5966b082cf9a028302ed4184","hash":"a9d0dac7db97852f5233971c9d5f1ecf5a54b44d"}
,"/Users/wangpeng/project/_kingsoft/_util/src/image/index.js": {"path":"/Users/wangpeng/project/_kingsoft/_util/src/image/index.js","statementMap":{"0":{"start":{"line":27,"column":4},"end":{"line":35,"column":5}},"1":{"start":{"line":29,"column":8},"end":{"line":30,"column":42}},"2":{"start":{"line":32,"column":8},"end":{"line":33,"column":43}},"3":{"start":{"line":34,"column":6},"end":{"line":34,"column":39}},"4":{"start":{"line":39,"column":6},"end":{"line":39,"column":66}},"5":{"start":{"line":41,"column":6},"end":{"line":41,"column":68}},"6":{"start":{"line":43,"column":4},"end":{"line":43,"column":37}},"7":{"start":{"line":45,"column":2},"end":{"line":66,"column":5}},"8":{"start":{"line":46,"column":17},"end":{"line":50,"column":5}},"9":{"start":{"line":52,"column":14},"end":{"line":52,"column":25}},"10":{"start":{"line":54,"column":4},"end":{"line":59,"column":6}},"11":{"start":{"line":55,"column":6},"end":{"line":55,"column":31}},"12":{"start":{"line":56,"column":6},"end":{"line":56,"column":33}},"13":{"start":{"line":57,"column":6},"end":{"line":57,"column":55}},"14":{"start":{"line":58,"column":6},"end":{"line":58,"column":22}},"15":{"start":{"line":61,"column":4},"end":{"line":63,"column":6}},"16":{"start":{"line":62,"column":6},"end":{"line":62,"column":22}},"17":{"start":{"line":64,"column":4},"end":{"line":64,"column":21}},"18":{"start":{"line":65,"column":4},"end":{"line":65,"column":15}}},"fnMap":{"0":{"name":"validateImage","decl":{"start":{"line":16,"column":16},"end":{"line":16,"column":29}},"loc":{"start":{"line":24,"column":2},"end":{"line":67,"column":1}},"line":24},"1":{"name":"checkSize","decl":{"start":{"line":25,"column":11},"end":{"line":25,"column":20}},"loc":{"start":{"line":25,"column":42},"end":{"line":44,"column":3}},"line":25},"2":{"name":"(anonymous_2)","decl":{"start":{"line":45,"column":21},"end":{"line":45,"column":22}},"loc":{"start":{"line":45,"column":32},"end":{"line":66,"column":3}},"line":45},"3":{"name":"(anonymous_3)","decl":{"start":{"line":54,"column":17},"end":{"line":54,"column":18}},"loc":{"start":{"line":54,"column":28},"end":{"line":59,"column":5}},"line":54},"4":{"name":"(anonymous_4)","decl":{"start":{"line":61,"column":18},"end":{"line":61,"column":19}},"loc":{"start":{"line":61,"column":29},"end":{"line":63,"column":5}},"line":61}},"branchMap":{"0":{"loc":{"start":{"line":18,"column":2},"end":{"line":23,"column":3}},"type":"default-arg","locations":[{"start":{"line":18,"column":11},"end":{"line":23,"column":3}}],"line":18},"1":{"loc":{"start":{"line":27,"column":4},"end":{"line":35,"column":5}},"type":"if","locations":[{"start":{"line":27,"column":4},"end":{"line":35,"column":5}},{"start":{"line":27,"column":4},"end":{"line":35,"column":5}}],"line":27},"2":{"loc":{"start":{"line":29,"column":8},"end":{"line":30,"column":42}},"type":"binary-expr","locations":[{"start":{"line":29,"column":8},"end":{"line":29,"column":42}},{"start":{"line":30,"column":8},"end":{"line":30,"column":42}}],"line":29},"3":{"loc":{"start":{"line":32,"column":8},"end":{"line":33,"column":43}},"type":"binary-expr","locations":[{"start":{"line":32,"column":8},"end":{"line":32,"column":44}},{"start":{"line":33,"column":8},"end":{"line":33,"column":43}}],"line":32},"4":{"loc":{"start":{"line":34,"column":13},"end":{"line":34,"column":38}},"type":"binary-expr","locations":[{"start":{"line":34,"column":13},"end":{"line":34,"column":23}},{"start":{"line":34,"column":27},"end":{"line":34,"column":38}}],"line":34},"5":{"loc":{"start":{"line":39,"column":44},"end":{"line":39,"column":65}},"type":"binary-expr","locations":[{"start":{"line":39,"column":44},"end":{"line":39,"column":60}},{"start":{"line":39,"column":64},"end":{"line":39,"column":65}}],"line":39},"6":{"loc":{"start":{"line":41,"column":46},"end":{"line":41,"column":67}},"type":"binary-expr","locations":[{"start":{"line":41,"column":46},"end":{"line":41,"column":62}},{"start":{"line":41,"column":66},"end":{"line":41,"column":67}}],"line":41},"7":{"loc":{"start":{"line":43,"column":11},"end":{"line":43,"column":36}},"type":"binary-expr","locations":[{"start":{"line":43,"column":11},"end":{"line":43,"column":21}},{"start":{"line":43,"column":25},"end":{"line":43,"column":36}}],"line":43}},"s":{"0":0,"1":0,"2":0,"3":0,"4":0,"5":0,"6":0,"7":6,"8":6,"9":6,"10":6,"11":0,"12":0,"13":0,"14":0,"15":6,"16":0,"17":6,"18":6},"f":{"0":6,"1":0,"2":6,"3":0,"4":0},"b":{"0":[0],"1":[0,0],"2":[0,0],"3":[0,0],"4":[0,0],"5":[0,0],"6":[0,0],"7":[0,0]},"_coverageSchema":"43e27e138ebf9cfc5966b082cf9a028302ed4184","hash":"b36857392c6c01dcc4606cfce82b6383ab54b549"}
,"/Users/wangpeng/project/_kingsoft/_util/src/number/index.js": {"path":"/Users/wangpeng/project/_kingsoft/_util/src/number/index.js","statementMap":{"0":{"start":{"line":9,"column":2},"end":{"line":9,"column":42}},"1":{"start":{"line":9,"column":31},"end":{"line":9,"column":42}},"2":{"start":{"line":11,"column":4},"end":{"line":12,"column":54}},"3":{"start":{"line":14,"column":2},"end":{"line":16,"column":3}},"4":{"start":{"line":15,"column":4},"end":{"line":15,"column":47}},"5":{"start":{"line":17,"column":2},"end":{"line":19,"column":53}}},"fnMap":{"0":{"name":"numberFormat","decl":{"start":{"line":8,"column":16},"end":{"line":8,"column":28}},"loc":{"start":{"line":8,"column":78},"end":{"line":20,"column":1}},"line":8}},"branchMap":{"0":{"loc":{"start":{"line":8,"column":37},"end":{"line":8,"column":56}},"type":"default-arg","locations":[{"start":{"line":8,"column":51},"end":{"line":8,"column":56}}],"line":8},"1":{"loc":{"start":{"line":8,"column":58},"end":{"line":8,"column":76}},"type":"default-arg","locations":[{"start":{"line":8,"column":75},"end":{"line":8,"column":76}}],"line":8},"2":{"loc":{"start":{"line":9,"column":2},"end":{"line":9,"column":42}},"type":"if","locations":[{"start":{"line":9,"column":2},"end":{"line":9,"column":42}},{"start":{"line":9,"column":2},"end":{"line":9,"column":42}}],"line":9},"3":{"loc":{"start":{"line":11,"column":25},"end":{"line":11,"column":75}},"type":"cond-expr","locations":[{"start":{"line":11,"column":39},"end":{"line":11,"column":44}},{"start":{"line":11,"column":47},"end":{"line":11,"column":75}}],"line":11},"4":{"loc":{"start":{"line":12,"column":5},"end":{"line":12,"column":53}},"type":"cond-expr","locations":[{"start":{"line":12,"column":19},"end":{"line":12,"column":22}},{"start":{"line":12,"column":25},"end":{"line":12,"column":53}}],"line":12},"5":{"loc":{"start":{"line":14,"column":2},"end":{"line":16,"column":3}},"type":"if","locations":[{"start":{"line":14,"column":2},"end":{"line":16,"column":3}},{"start":{"line":14,"column":2},"end":{"line":16,"column":3}}],"line":14}},"s":{"0":5,"1":1,"2":4,"3":4,"4":1,"5":3},"f":{"0":5},"b":{"0":[3],"1":[4],"2":[1,4],"3":[1,3],"4":[1,3],"5":[1,3]},"_coverageSchema":"43e27e138ebf9cfc5966b082cf9a028302ed4184","hash":"73d92814397d3105bf176864ad752b720b55cb68"}
,"/Users/wangpeng/project/_kingsoft/_util/src/time/index.js": {"path":"/Users/wangpeng/project/_kingsoft/_util/src/time/index.js","statementMap":{"0":{"start":{"line":2,"column":15},"end":{"line":2,"column":20}},"1":{"start":{"line":4,"column":4},"end":{"line":4,"column":31}},"2":{"start":{"line":5,"column":4},"end":{"line":5,"column":44}},"3":{"start":{"line":15,"column":16},"end":{"line":15,"column":31}},"4":{"start":{"line":16,"column":16},"end":{"line":16,"column":31}},"5":{"start":{"line":17,"column":4},"end":{"line":17,"column":63}},"6":{"start":{"line":27,"column":15},"end":{"line":27,"column":33}},"7":{"start":{"line":28,"column":12},"end":{"line":36,"column":5}},"8":{"start":{"line":37,"column":4},"end":{"line":42,"column":5}},"9":{"start":{"line":38,"column":6},"end":{"line":41,"column":8}},"10":{"start":{"line":43,"column":4},"end":{"line":52,"column":5}},"11":{"start":{"line":44,"column":6},"end":{"line":51,"column":7}},"12":{"start":{"line":45,"column":8},"end":{"line":50,"column":10}},"13":{"start":{"line":53,"column":4},"end":{"line":53,"column":15}},"14":{"start":{"line":57,"column":15},"end":{"line":57,"column":38}},"15":{"start":{"line":58,"column":4},"end":{"line":58,"column":68}},"16":{"start":{"line":62,"column":4},"end":{"line":62,"column":41}},"17":{"start":{"line":71,"column":4},"end":{"line":71,"column":62}},"18":{"start":{"line":74,"column":4},"end":{"line":74,"column":31}},"19":{"start":{"line":82,"column":4},"end":{"line":82,"column":55}}},"fnMap":{"0":{"name":"(anonymous_0)","decl":{"start":{"line":3,"column":2},"end":{"line":3,"column":3}},"loc":{"start":{"line":3,"column":33},"end":{"line":6,"column":3}},"line":3},"1":{"name":"(anonymous_1)","decl":{"start":{"line":14,"column":2},"end":{"line":14,"column":3}},"loc":{"start":{"line":14,"column":42},"end":{"line":18,"column":3}},"line":14},"2":{"name":"(anonymous_2)","decl":{"start":{"line":26,"column":2},"end":{"line":26,"column":3}},"loc":{"start":{"line":26,"column":31},"end":{"line":54,"column":3}},"line":26},"3":{"name":"(anonymous_3)","decl":{"start":{"line":56,"column":2},"end":{"line":56,"column":3}},"loc":{"start":{"line":56,"column":19},"end":{"line":59,"column":3}},"line":56},"4":{"name":"(anonymous_4)","decl":{"start":{"line":61,"column":2},"end":{"line":61,"column":3}},"loc":{"start":{"line":61,"column":18},"end":{"line":63,"column":3}},"line":61},"5":{"name":"(anonymous_5)","decl":{"start":{"line":70,"column":2},"end":{"line":70,"column":3}},"loc":{"start":{"line":70,"column":20},"end":{"line":72,"column":3}},"line":70},"6":{"name":"(anonymous_6)","decl":{"start":{"line":73,"column":2},"end":{"line":73,"column":3}},"loc":{"start":{"line":73,"column":17},"end":{"line":75,"column":3}},"line":73},"7":{"name":"(anonymous_7)","decl":{"start":{"line":81,"column":2},"end":{"line":81,"column":3}},"loc":{"start":{"line":81,"column":23},"end":{"line":83,"column":3}},"line":81}},"branchMap":{"0":{"loc":{"start":{"line":3,"column":14},"end":{"line":3,"column":31}},"type":"default-arg","locations":[{"start":{"line":3,"column":21},"end":{"line":3,"column":31}}],"line":3},"1":{"loc":{"start":{"line":37,"column":4},"end":{"line":42,"column":5}},"type":"if","locations":[{"start":{"line":37,"column":4},"end":{"line":42,"column":5}},{"start":{"line":37,"column":4},"end":{"line":42,"column":5}}],"line":37},"2":{"loc":{"start":{"line":44,"column":6},"end":{"line":51,"column":7}},"type":"if","locations":[{"start":{"line":44,"column":6},"end":{"line":51,"column":7}},{"start":{"line":44,"column":6},"end":{"line":51,"column":7}}],"line":44},"3":{"loc":{"start":{"line":47,"column":10},"end":{"line":49,"column":54}},"type":"cond-expr","locations":[{"start":{"line":48,"column":14},"end":{"line":48,"column":18}},{"start":{"line":49,"column":14},"end":{"line":49,"column":54}}],"line":47},"4":{"loc":{"start":{"line":58,"column":11},"end":{"line":58,"column":67}},"type":"binary-expr","locations":[{"start":{"line":58,"column":12},"end":{"line":58,"column":26}},{"start":{"line":58,"column":30},"end":{"line":58,"column":46}},{"start":{"line":58,"column":51},"end":{"line":58,"column":67}}],"line":58}},"s":{"0":20,"1":20,"2":20,"3":1,"4":1,"5":1,"6":2,"7":2,"8":2,"9":2,"10":2,"11":14,"12":10,"13":2,"14":20,"15":20,"16":1,"17":4,"18":1,"19":1},"f":{"0":20,"1":1,"2":2,"3":20,"4":1,"5":4,"6":1,"7":1},"b":{"0":[3],"1":[2,0],"2":[10,4],"3":[0,10],"4":[20,2,20]},"_coverageSchema":"43e27e138ebf9cfc5966b082cf9a028302ed4184","hash":"323f29199d0405772aff375fe3a5389076d09294"}
}
