TN:
SF:/Users/wangpeng/project/_kingsoft/_util/src/index.js
FNF:0
FNH:0
LF:0
LH:0
BRF:0
BRH:0
end_of_record
TN:
SF:/Users/wangpeng/project/_kingsoft/_util/src/image/index.js
FN:16,validateImage
FN:25,checkSize
FN:45,(anonymous_2)
FN:54,(anonymous_3)
FN:61,(anonymous_4)
FNF:5
FNH:2
FNDA:6,validateImage
FNDA:0,checkSize
FNDA:6,(anonymous_2)
FNDA:0,(anonymous_3)
FNDA:0,(anonymous_4)
DA:27,0
DA:29,0
DA:32,0
DA:34,0
DA:39,0
DA:41,0
DA:43,0
DA:45,6
DA:46,6
DA:52,6
DA:54,6
DA:55,0
DA:56,0
DA:57,0
DA:58,0
DA:61,6
DA:62,0
DA:64,6
DA:65,6
LF:19
LH:7
BRDA:18,0,0,0
BRDA:27,1,0,0
BRDA:27,1,1,0
BRDA:29,2,0,0
BRDA:29,2,1,0
BRDA:32,3,0,0
BRDA:32,3,1,0
BRDA:34,4,0,0
BRDA:34,4,1,0
BRDA:39,5,0,0
BRDA:39,5,1,0
BRDA:41,6,0,0
BRDA:41,6,1,0
BRDA:43,7,0,0
BRDA:43,7,1,0
BRF:15
BRH:0
end_of_record
TN:
SF:/Users/wangpeng/project/_kingsoft/_util/src/number/index.js
FN:8,numberFormat
FNF:1
FNH:1
FNDA:5,numberFormat
DA:9,5
DA:11,4
DA:14,4
DA:15,1
DA:17,3
LF:5
LH:5
BRDA:8,0,0,3
BRDA:8,1,0,4
BRDA:9,2,0,1
BRDA:9,2,1,4
BRDA:11,3,0,1
BRDA:11,3,1,3
BRDA:12,4,0,1
BRDA:12,4,1,3
BRDA:14,5,0,1
BRDA:14,5,1,3
BRF:10
BRH:10
end_of_record
TN:
SF:/Users/wangpeng/project/_kingsoft/_util/src/time/index.js
FN:3,(anonymous_0)
FN:14,(anonymous_1)
FN:26,(anonymous_2)
FN:56,(anonymous_3)
FN:61,(anonymous_4)
FN:70,(anonymous_5)
FN:73,(anonymous_6)
FN:81,(anonymous_7)
FNF:8
FNH:8
FNDA:20,(anonymous_0)
FNDA:1,(anonymous_1)
FNDA:2,(anonymous_2)
FNDA:20,(anonymous_3)
FNDA:1,(anonymous_4)
FNDA:4,(anonymous_5)
FNDA:1,(anonymous_6)
FNDA:1,(anonymous_7)
DA:2,20
DA:4,20
DA:5,20
DA:15,1
DA:16,1
DA:17,1
DA:27,2
DA:28,2
DA:37,2
DA:38,2
DA:43,2
DA:44,14
DA:45,10
DA:53,2
DA:57,20
DA:58,20
DA:62,1
DA:71,4
DA:74,1
DA:82,1
LF:20
LH:20
BRDA:3,0,0,3
BRDA:37,1,0,2
BRDA:37,1,1,0
BRDA:44,2,0,10
BRDA:44,2,1,4
BRDA:47,3,0,0
BRDA:47,3,1,10
BRDA:58,4,0,20
BRDA:58,4,1,2
BRDA:58,4,2,20
BRF:10
BRH:8
end_of_record
